<?xml version="1.0" encoding="UTF-8" ?>
<testsuite tests="2" failures="0" name="jpabook.jpashop.service.MemberServiceTest" time="0.02" errors="0" skipped="0">
  <properties>
    <property name="idea.version" value="2021.1.1"/>
    <property name="java.runtime.name" value="OpenJDK Runtime Environment"/>
    <property name="java.vm.version" value="11.0.10+9-b1341.41"/>
    <property name="sun.boot.library.path" value="C:\Program Files\JetBrains\IntelliJ IDEA 2021.1\jbr\bin"/>
    <property name="maven.multiModuleProjectDirectory" value="D:\workspace\JPA\ch11-jpa-shop"/>
    <property name="java.vm.vendor" value="JetBrains s.r.o."/>
    <property name="java.vendor.url" value="https://openjdk.java.net/"/>
    <property name="guice.disable.misplaced.annotation.check" value="true"/>
    <property name="path.separator" value=";"/>
    <property name="java.vm.name" value="Dynamic Code Evolution 64-Bit Server VM"/>
    <property name="sun.os.patch.level" value=""/>
    <property name="user.script" value=""/>
    <property name="user.country" value="KR"/>
    <property name="sun.java.launcher" value="SUN_STANDARD"/>
    <property name="java.vm.specification.name" value="Java Virtual Machine Specification"/>
    <property name="user.dir" value="D:\workspace\JPA\ch11-jpa-shop"/>
    <property name="java.vm.compressedOopsMode" value="Zero based"/>
    <property name="java.runtime.version" value="11.0.10+9-b1341.41"/>
    <property name="java.awt.graphicsenv" value="sun.awt.Win32GraphicsEnvironment"/>
    <property name="os.arch" value="amd64"/>
    <property name="java.io.tmpdir" value="C:\Users\elgen\AppData\Local\Temp\"/>
    <property name="line.separator" value="
"/>
    <property name="java.vm.specification.vendor" value="Oracle Corporation"/>
    <property name="user.variant" value=""/>
    <property name="os.name" value="Windows 10"/>
    <property name="maven.ext.class.path" value="C:\Program Files\JetBrains\IntelliJ IDEA 2021.1\plugins\maven\lib\maven-event-listener.jar"/>
    <property name="classworlds.conf" value="C:\Program Files\JetBrains\IntelliJ IDEA 2021.1\plugins\maven\lib\maven3\bin\m2.conf"/>
    <property name="sun.jnu.encoding" value="MS949"/>
    <property name="java.library.path" value="C:\Program Files\JetBrains\IntelliJ IDEA 2021.1\jbr\bin;C:\WINDOWS\Sun\Java\bin;C:\WINDOWS\system32;C:\WINDOWS;C:\Python39\Scripts\;C:\Python39\;C:\WINDOWS\system32;C:\WINDOWS;C:\WINDOWS\System32\Wbem;C:\WINDOWS\System32\WindowsPowerShell\v1.0\;C:\WINDOWS\System32\OpenSSH\;C:\Program Files\PuTTY\;C:\Java\java-1.8.0-openjdk-1.8.0.282-1.b08.ojdkbuild.windows.x86_64\bin;D:\MariaDB 10.3\bin;C:\Program Files\Git\cmd;C:\Program Files\nodejs\;C:\ProgramData\chocolatey\bin;C:\Program Files\TortoiseSVN\bin;C:\Program Files\MongoDB\Server\4.4\bin;C:\Program Files (x86)\Common Files\Adobe\AGL;C:\Program Files\Docker\Docker\resources\bin;C:\ProgramData\DockerDesktop\version-bin;C:\Users\elgen\.windows-build-tools\python27\;C:\Users\elgen\.windows-build-tools\python27\;C:\Users\elgen\AppData\Local\Microsoft\WindowsApps;C:\Program Files\Bandizip\;C:\Users\elgen\AppData\Local\Programs\Microsoft VS Code\bin;C:\Users\elgen\AppData\Roaming\npm;C:\Program Files\JetBrains\IntelliJ IDEA 2021.1\bin;;."/>
    <property name="maven.conf" value="C:\Program Files\JetBrains\IntelliJ IDEA 2021.1\plugins\maven\lib\maven3/conf"/>
    <property name="jdk.debug" value="release"/>
    <property name="java.class.version" value="55.0"/>
    <property name="java.specification.name" value="Java Platform API Specification"/>
    <property name="sun.management.compiler" value="HotSpot 64-Bit Tiered Compilers"/>
    <property name="os.version" value="10.0"/>
    <property name="user.home" value="C:\Users\elgen"/>
    <property name="user.timezone" value="Asia/Seoul"/>
    <property name="java.awt.printerjob" value="sun.awt.windows.WPrinterJob"/>
    <property name="file.encoding" value="UTF-8"/>
    <property name="java.specification.version" value="11"/>
    <property name="user.name" value="elgen"/>
    <property name="java.class.path" value="C:\Program Files\JetBrains\IntelliJ IDEA 2021.1\plugins\maven\lib\maven3\boot\plexus-classworlds-2.6.0.jar;C:\Program Files\JetBrains\IntelliJ IDEA 2021.1\plugins\maven\lib\maven3\boot\plexus-classworlds.license"/>
    <property name="java.vm.specification.version" value="11"/>
    <property name="sun.arch.data.model" value="64"/>
    <property name="sun.java.command" value="org.codehaus.classworlds.Launcher -Didea.version=2021.1.1 package"/>
    <property name="java.home" value="C:\Program Files\JetBrains\IntelliJ IDEA 2021.1\jbr"/>
    <property name="user.language" value="ko"/>
    <property name="java.specification.vendor" value="Oracle Corporation"/>
    <property name="awt.toolkit" value="sun.awt.windows.WToolkit"/>
    <property name="java.vm.info" value="mixed mode"/>
    <property name="java.version" value="11.0.10"/>
    <property name="java.vendor" value="JetBrains s.r.o."/>
    <property name="maven.home" value="C:\Program Files\JetBrains\IntelliJ IDEA 2021.1\plugins\maven\lib\maven3"/>
    <property name="file.separator" value="\"/>
    <property name="java.version.date" value="2021-01-19"/>
    <property name="java.vendor.url.bug" value="https://bugreport.java.com/bugreport/"/>
    <property name="sun.io.unicode.encoding" value="UnicodeLittle"/>
    <property name="sun.cpu.endian" value="little"/>
    <property name="java.vendor.version" value="JBR-11.0.10.9-1341.41-dcevm"/>
    <property name="sun.desktop" value="windows"/>
    <property name="sun.cpu.isalist" value="amd64"/>
  </properties>
  <testcase classname="jpabook.jpashop.service.MemberServiceTest" name="중복_회원_예외" time="0.016"/>
  <testcase classname="jpabook.jpashop.service.MemberServiceTest" name="회원가입" time="0.004"/>
</testsuite>